[0m11:25:47.639623 [debug] [MainThread]: Sending event: {'category': 'dbt', 'action': 'invocation', 'label': 'start', 'context': [<snowplow_tracker.self_describing_json.SelfDescribingJson object at 0x000001E4E740C740>, <snowplow_tracker.self_describing_json.SelfDescribingJson object at 0x000001E4E740DC70>, <snowplow_tracker.self_describing_json.SelfDescribingJson object at 0x000001E4E740DB80>]}


============================== 11:25:47.647619 | 777b0183-4e92-48dc-8639-78fc4fa1d259 ==============================
[0m11:25:47.647619 [info ] [MainThread]: Running with dbt=1.8.6
[0m11:25:47.649626 [debug] [MainThread]: running dbt with arguments {'printer_width': '80', 'indirect_selection': 'eager', 'write_json': 'True', 'log_cache_events': 'False', 'partial_parse': 'True', 'cache_selected_only': 'False', 'warn_error': 'None', 'debug': 'False', 'version_check': 'True', 'log_path': 'logs', 'profiles_dir': 'C:\\Users\\YY716CZ\\.dbt', 'fail_fast': 'False', 'use_colors': 'True', 'use_experimental_parser': 'False', 'empty': 'None', 'quiet': 'False', 'no_print': 'None', 'warn_error_options': 'WarnErrorOptions(include=[], exclude=[])', 'invocation_command': 'dbt init ae-bootcamp', 'static_parser': 'True', 'introspect': 'True', 'target_path': 'None', 'log_format': 'default', 'send_anonymous_usage_stats': 'True'}
[0m11:26:11.780432 [debug] [MainThread]: Starter project path: C:\.venvs\an-eng-bootcmap\Lib\site-packages\dbt\include\starter_project
[0m11:26:11.812421 [info ] [MainThread]: 
Your new dbt project "ae_bootcamp" was created!

For more information on how to configure the profiles.yml file,
please consult the dbt documentation here:

  https://docs.getdbt.com/docs/configure-your-profile

One more thing:

Need help? Don't hesitate to reach out to us via GitHub issues or on Slack:

  https://community.getdbt.com/

Happy modeling!

[0m11:26:11.816423 [info ] [MainThread]: Setting up your profile.
[0m11:29:47.007659 [info ] [MainThread]: Profile ae_bootcamp written to C:\Users\YY716CZ\.dbt\profiles.yml using target's profile_template.yml and your supplied values. Run 'dbt debug' to validate the connection.
[0m11:29:47.010660 [debug] [MainThread]: Command `dbt init` succeeded at 11:29:47.009658 after 239.55 seconds
[0m11:29:47.011660 [debug] [MainThread]: Sending event: {'category': 'dbt', 'action': 'invocation', 'label': 'end', 'context': [<snowplow_tracker.self_describing_json.SelfDescribingJson object at 0x000001E4E65600E0>, <snowplow_tracker.self_describing_json.SelfDescribingJson object at 0x000001E4E6563BF0>, <snowplow_tracker.self_describing_json.SelfDescribingJson object at 0x000001E4800972F0>]}
[0m11:29:47.012660 [debug] [MainThread]: Flushing usage events
[0m11:29:47.717657 [debug] [MainThread]: Error sending anonymous usage statistics. Disabling tracking for this execution. If you wish to permanently disable tracking, see: https://docs.getdbt.com/reference/global-configs#send-anonymous-usage-stats.
[0m11:30:19.765567 [debug] [MainThread]: Sending event: {'category': 'dbt', 'action': 'invocation', 'label': 'start', 'context': [<snowplow_tracker.self_describing_json.SelfDescribingJson object at 0x0000013A9AB89E50>, <snowplow_tracker.self_describing_json.SelfDescribingJson object at 0x0000013A981CD610>, <snowplow_tracker.self_describing_json.SelfDescribingJson object at 0x0000013A99ABA210>]}


============================== 11:30:19.772565 | 8790da83-c5dc-4ae9-9d7b-e620e80ddee4 ==============================
[0m11:30:19.772565 [info ] [MainThread]: Running with dbt=1.8.6
[0m11:30:19.773565 [debug] [MainThread]: running dbt with arguments {'printer_width': '80', 'indirect_selection': 'eager', 'write_json': 'True', 'log_cache_events': 'False', 'partial_parse': 'True', 'cache_selected_only': 'False', 'profiles_dir': 'C:\\Users\\YY716CZ\\.dbt', 'debug': 'False', 'version_check': 'True', 'log_path': 'logs', 'fail_fast': 'False', 'warn_error': 'None', 'use_colors': 'True', 'use_experimental_parser': 'False', 'no_print': 'None', 'quiet': 'False', 'empty': 'None', 'warn_error_options': 'WarnErrorOptions(include=[], exclude=[])', 'introspect': 'True', 'log_format': 'default', 'static_parser': 'True', 'target_path': 'None', 'invocation_command': 'dbt debug', 'send_anonymous_usage_stats': 'True'}
[0m11:30:19.804564 [info ] [MainThread]: dbt version: 1.8.6
[0m11:30:19.806566 [info ] [MainThread]: python version: 3.12.0
[0m11:30:19.808567 [info ] [MainThread]: python path: C:\.venvs\an-eng-bootcmap\Scripts\python.exe
[0m11:30:19.809566 [info ] [MainThread]: os info: Windows-10-10.0.19045-SP0
[0m11:30:27.059067 [info ] [MainThread]: Error importing adapter: No module named 'dbt.adapters.snowflake'
[0m11:30:27.061067 [info ] [MainThread]: Using profiles dir at C:\Users\YY716CZ\.dbt
[0m11:30:27.062067 [info ] [MainThread]: Using profiles.yml file at C:\Users\YY716CZ\.dbt\profiles.yml
[0m11:30:27.063067 [info ] [MainThread]: Using dbt_project.yml file at C:\Users\YY716CZ\git\analytics-engineer-bootcamp\dbt_project.yml
[0m11:30:27.064067 [info ] [MainThread]: Configuration:
[0m11:30:27.065067 [info ] [MainThread]:   profiles.yml file [[31mERROR invalid[0m]
[0m11:30:27.066067 [info ] [MainThread]:   dbt_project.yml file [[31mERROR not found[0m]
[0m11:30:27.067067 [info ] [MainThread]: Required dependencies:
[0m11:30:27.069069 [debug] [MainThread]: Executing "git --help"
[0m11:30:27.250069 [debug] [MainThread]: STDOUT: "b"usage: git [-v | --version] [-h | --help] [-C <path>] [-c <name>=<value>]\n           [--exec-path[=<path>]] [--html-path] [--man-path] [--info-path]\n           [-p | --paginate | -P | --no-pager] [--no-replace-objects] [--bare]\n           [--git-dir=<path>] [--work-tree=<path>] [--namespace=<name>]\n           [--config-env=<name>=<envvar>] <command> [<args>]\n\nThese are common Git commands used in various situations:\n\nstart a working area (see also: git help tutorial)\n   clone     Clone a repository into a new directory\n   init      Create an empty Git repository or reinitialize an existing one\n\nwork on the current change (see also: git help everyday)\n   add       Add file contents to the index\n   mv        Move or rename a file, a directory, or a symlink\n   restore   Restore working tree files\n   rm        Remove files from the working tree and from the index\n\nexamine the history and state (see also: git help revisions)\n   bisect    Use binary search to find the commit that introduced a bug\n   diff      Show changes between commits, commit and working tree, etc\n   grep      Print lines matching a pattern\n   log       Show commit logs\n   show      Show various types of objects\n   status    Show the working tree status\n\ngrow, mark and tweak your common history\n   branch    List, create, or delete branches\n   commit    Record changes to the repository\n   merge     Join two or more development histories together\n   rebase    Reapply commits on top of another base tip\n   reset     Reset current HEAD to the specified state\n   switch    Switch branches\n   tag       Create, list, delete or verify a tag object signed with GPG\n\ncollaborate (see also: git help workflows)\n   fetch     Download objects and refs from another repository\n   pull      Fetch from and integrate with another repository or a local branch\n   push      Update remote refs along with associated objects\n\n'git help -a' and 'git help -g' list available subcommands and some\nconcept guides. See 'git help <command>' or 'git help <concept>'\nto read about a specific subcommand or concept.\nSee 'git help git' for an overview of the system.\n""
[0m11:30:27.251067 [debug] [MainThread]: STDERR: "b''"
[0m11:30:27.252067 [info ] [MainThread]:  - git [[32mOK found[0m]

[0m11:30:27.254068 [info ] [MainThread]: Connection test skipped since no profile was found
[0m11:30:27.255068 [info ] [MainThread]: [31m2 checks failed:[0m
[0m11:30:27.257070 [info ] [MainThread]: Could not load dbt_project.yml
Profile loading failed for the following reason:
Runtime Error
  Credentials in profile "learn_dbt", target "dev" invalid: Runtime Error
    Could not find adapter type snowflake!


[0m11:30:27.260069 [info ] [MainThread]: Project loading failed for the following reason:
 project path <C:\Users\YY716CZ\git\analytics-engineer-bootcamp\dbt_project.yml> not found

[0m11:30:27.263070 [debug] [MainThread]: Command `dbt debug` failed at 11:30:27.263070 after 7.69 seconds
[0m11:30:27.264070 [debug] [MainThread]: Sending event: {'category': 'dbt', 'action': 'invocation', 'label': 'end', 'context': [<snowplow_tracker.self_describing_json.SelfDescribingJson object at 0x0000013A9AB89E50>, <snowplow_tracker.self_describing_json.SelfDescribingJson object at 0x0000013A99C2AF60>, <snowplow_tracker.self_describing_json.SelfDescribingJson object at 0x0000013A9AC862D0>]}
[0m11:30:27.264070 [debug] [MainThread]: Flushing usage events
[0m11:30:27.387068 [debug] [MainThread]: Error sending anonymous usage statistics. Disabling tracking for this execution. If you wish to permanently disable tracking, see: https://docs.getdbt.com/reference/global-configs#send-anonymous-usage-stats.
[0m11:30:29.865724 [debug] [MainThread]: Sending event: {'category': 'dbt', 'action': 'invocation', 'label': 'start', 'context': [<snowplow_tracker.self_describing_json.SelfDescribingJson object at 0x0000014F66743380>, <snowplow_tracker.self_describing_json.SelfDescribingJson object at 0x0000014F65DDAD80>, <snowplow_tracker.self_describing_json.SelfDescribingJson object at 0x0000014F633F0DD0>]}


============================== 11:30:29.873722 | 38449600-9109-41ef-adf9-8ddbb2ea687a ==============================
[0m11:30:29.873722 [info ] [MainThread]: Running with dbt=1.8.6
[0m11:30:29.875724 [debug] [MainThread]: running dbt with arguments {'printer_width': '80', 'indirect_selection': 'eager', 'log_cache_events': 'False', 'write_json': 'True', 'partial_parse': 'True', 'cache_selected_only': 'False', 'profiles_dir': 'C:\\Users\\YY716CZ\\.dbt', 'debug': 'False', 'warn_error': 'None', 'log_path': 'logs', 'fail_fast': 'False', 'version_check': 'True', 'use_colors': 'True', 'use_experimental_parser': 'False', 'empty': 'None', 'quiet': 'False', 'no_print': 'None', 'log_format': 'default', 'introspect': 'True', 'warn_error_options': 'WarnErrorOptions(include=[], exclude=[])', 'invocation_command': 'dbt debug', 'target_path': 'None', 'static_parser': 'True', 'send_anonymous_usage_stats': 'True'}
[0m11:30:29.917739 [info ] [MainThread]: dbt version: 1.8.6
[0m11:30:29.918736 [info ] [MainThread]: python version: 3.12.0
[0m11:30:29.920721 [info ] [MainThread]: python path: C:\.venvs\an-eng-bootcmap\Scripts\python.exe
[0m11:30:29.921721 [info ] [MainThread]: os info: Windows-10-10.0.19045-SP0
[0m11:30:35.383733 [info ] [MainThread]: Error importing adapter: No module named 'dbt.adapters.snowflake'
[0m11:30:35.384722 [info ] [MainThread]: Using profiles dir at C:\Users\YY716CZ\.dbt
[0m11:30:35.385735 [info ] [MainThread]: Using profiles.yml file at C:\Users\YY716CZ\.dbt\profiles.yml
[0m11:30:35.387721 [info ] [MainThread]: Using dbt_project.yml file at C:\Users\YY716CZ\git\analytics-engineer-bootcamp\dbt_project.yml
[0m11:30:35.388721 [info ] [MainThread]: Configuration:
[0m11:30:35.389721 [info ] [MainThread]:   profiles.yml file [[31mERROR invalid[0m]
[0m11:30:35.390722 [info ] [MainThread]:   dbt_project.yml file [[31mERROR not found[0m]
[0m11:30:35.391722 [info ] [MainThread]: Required dependencies:
[0m11:30:35.393722 [debug] [MainThread]: Executing "git --help"
[0m11:30:35.585724 [debug] [MainThread]: STDOUT: "b"usage: git [-v | --version] [-h | --help] [-C <path>] [-c <name>=<value>]\n           [--exec-path[=<path>]] [--html-path] [--man-path] [--info-path]\n           [-p | --paginate | -P | --no-pager] [--no-replace-objects] [--bare]\n           [--git-dir=<path>] [--work-tree=<path>] [--namespace=<name>]\n           [--config-env=<name>=<envvar>] <command> [<args>]\n\nThese are common Git commands used in various situations:\n\nstart a working area (see also: git help tutorial)\n   clone     Clone a repository into a new directory\n   init      Create an empty Git repository or reinitialize an existing one\n\nwork on the current change (see also: git help everyday)\n   add       Add file contents to the index\n   mv        Move or rename a file, a directory, or a symlink\n   restore   Restore working tree files\n   rm        Remove files from the working tree and from the index\n\nexamine the history and state (see also: git help revisions)\n   bisect    Use binary search to find the commit that introduced a bug\n   diff      Show changes between commits, commit and working tree, etc\n   grep      Print lines matching a pattern\n   log       Show commit logs\n   show      Show various types of objects\n   status    Show the working tree status\n\ngrow, mark and tweak your common history\n   branch    List, create, or delete branches\n   commit    Record changes to the repository\n   merge     Join two or more development histories together\n   rebase    Reapply commits on top of another base tip\n   reset     Reset current HEAD to the specified state\n   switch    Switch branches\n   tag       Create, list, delete or verify a tag object signed with GPG\n\ncollaborate (see also: git help workflows)\n   fetch     Download objects and refs from another repository\n   pull      Fetch from and integrate with another repository or a local branch\n   push      Update remote refs along with associated objects\n\n'git help -a' and 'git help -g' list available subcommands and some\nconcept guides. See 'git help <command>' or 'git help <concept>'\nto read about a specific subcommand or concept.\nSee 'git help git' for an overview of the system.\n""
[0m11:30:35.586727 [debug] [MainThread]: STDERR: "b''"
[0m11:30:35.587754 [info ] [MainThread]:  - git [[32mOK found[0m]

[0m11:30:35.588736 [info ] [MainThread]: Connection test skipped since no profile was found
[0m11:30:35.590724 [info ] [MainThread]: [31m2 checks failed:[0m
[0m11:30:35.591723 [info ] [MainThread]: Could not load dbt_project.yml
Profile loading failed for the following reason:
Runtime Error
  Credentials in profile "learn_dbt", target "dev" invalid: Runtime Error
    Could not find adapter type snowflake!


[0m11:30:35.593723 [info ] [MainThread]: Project loading failed for the following reason:
 project path <C:\Users\YY716CZ\git\analytics-engineer-bootcamp\dbt_project.yml> not found

[0m11:30:35.596724 [debug] [MainThread]: Command `dbt debug` failed at 11:30:35.596724 after 5.93 seconds
[0m11:30:35.597724 [debug] [MainThread]: Sending event: {'category': 'dbt', 'action': 'invocation', 'label': 'end', 'context': [<snowplow_tracker.self_describing_json.SelfDescribingJson object at 0x0000014F66743380>, <snowplow_tracker.self_describing_json.SelfDescribingJson object at 0x0000014F7FEDDAC0>, <snowplow_tracker.self_describing_json.SelfDescribingJson object at 0x0000014F7EEC5160>]}
[0m11:30:35.598726 [debug] [MainThread]: Flushing usage events
[0m11:30:36.345822 [debug] [MainThread]: Error sending anonymous usage statistics. Disabling tracking for this execution. If you wish to permanently disable tracking, see: https://docs.getdbt.com/reference/global-configs#send-anonymous-usage-stats.
